<?xml version="1.0" encoding="UTF-8"?>
<testsuite xmlns:xsi="http://www.w3.org/2001/XMLSchema-instance" xsi:noNamespaceSchemaLocation="https://maven.apache.org/surefire/maven-surefire-plugin/xsd/surefire-test-report.xsd" name="tests.SearchTest" time="64.662" tests="2" errors="0" skipped="0" failures="0">
  <properties>
[...]
</properties>
  <testcase name="testSearch2" classname="tests.SearchTest" time="30.732"/>
  <testcase name="testSearch" classname="tests.SearchTest" time="33.813"/>
</testsuite>